[2022-08-30 17:38:43] [INFO] [ContactInfo.py]/[line: 16]/[get_name] name:Œ§æ¸ 
[2022-08-30 17:38:43] [INFO] [ContactInfo.py]/[line: 22]/[get_phone] phone:18186036147 
[2022-08-30 18:13:10] [INFO] [ContactInfo.py]/[line: 16]/[get_name] name:ºΩ∫Ï 
[2022-08-30 18:13:11] [INFO] [ContactInfo.py]/[line: 22]/[get_phone] phone:18966086236 
[2022-08-31 10:19:00] [INFO] [ContactInfo.py]/[line: 16]/[get_name] name:≈ÀˆŒ 
[2022-08-31 10:19:00] [INFO] [ContactInfo.py]/[line: 22]/[get_phone] phone:13580668241 
[2022-08-31 10:21:49] [INFO] [ContactInfo.py]/[line: 16]/[get_name] name:ÀÔ¡˙ 
[2022-08-31 10:21:49] [INFO] [ContactInfo.py]/[line: 22]/[get_phone] phone:13565198544 
[2022-08-31 10:23:54] [INFO] [ContactInfo.py]/[line: 16]/[get_name] name:¿Ó”Ò¿º 
[2022-08-31 10:23:55] [INFO] [ContactInfo.py]/[line: 22]/[get_phone] phone:15763778942 
[2022-08-31 10:25:26] [INFO] [ContactInfo.py]/[line: 16]/[get_name] name:¡ı¡¡ 
[2022-08-31 10:25:27] [INFO] [ContactInfo.py]/[line: 22]/[get_phone] phone:18817141209 
[2022-08-31 10:27:16] [INFO] [ContactInfo.py]/[line: 16]/[get_name] name:∂≈Ω®æ¸ 
[2022-08-31 10:27:17] [INFO] [ContactInfo.py]/[line: 22]/[get_phone] phone:15891710689 
[2022-08-31 10:29:01] [INFO] [ContactInfo.py]/[line: 16]/[get_name] name:¬Ì—“ 
[2022-08-31 10:29:02] [INFO] [ContactInfo.py]/[line: 22]/[get_phone] phone:13785308503 
[2022-08-31 15:29:49] [INFO] [ContactInfo.py]/[line: 16]/[get_name] name:€≥—“ 
[2022-08-31 15:29:49] [INFO] [ContactInfo.py]/[line: 22]/[get_phone] phone:14532239347 
[2022-08-31 15:38:06] [INFO] [ContactInfo.py]/[line: 16]/[get_name] name:≥¬—©√∑ 
[2022-08-31 15:38:06] [INFO] [ContactInfo.py]/[line: 22]/[get_phone] phone:13639279513 
[2022-08-31 15:40:12] [INFO] [ContactInfo.py]/[line: 16]/[get_name] name:¬≥º— 
[2022-08-31 15:40:12] [INFO] [ContactInfo.py]/[line: 22]/[get_phone] phone:15002195023 
[2022-08-31 15:42:13] [INFO] [ContactInfo.py]/[line: 16]/[get_name] name:¡ıπª® 
[2022-08-31 15:42:14] [INFO] [ContactInfo.py]/[line: 22]/[get_phone] phone:13681643437 
[2022-08-31 15:44:12] [INFO] [ContactInfo.py]/[line: 16]/[get_name] name:∏ π’‰ 
[2022-08-31 15:44:12] [INFO] [ContactInfo.py]/[line: 22]/[get_phone] phone:13727083610 
[2022-08-31 15:45:27] [INFO] [ContactInfo.py]/[line: 16]/[get_name] name:≈À¿§ 
[2022-08-31 15:45:28] [INFO] [ContactInfo.py]/[line: 22]/[get_phone] phone:13578324034 
[2022-08-31 15:53:45] [INFO] [ContactInfo.py]/[line: 16]/[get_name] name:¡˙∂¨√∑ 
[2022-08-31 15:53:46] [INFO] [ContactInfo.py]/[line: 22]/[get_phone] phone:18836976439 
[2022-08-31 15:56:36] [INFO] [ContactInfo.py]/[line: 16]/[get_name] name:¡ıˆŒ 
[2022-08-31 15:56:37] [INFO] [ContactInfo.py]/[line: 22]/[get_phone] phone:18025390010 
[2022-08-31 15:57:55] [INFO] [ContactInfo.py]/[line: 16]/[get_name] name:÷‹∂¨√∑ 
[2022-08-31 15:57:56] [INFO] [ContactInfo.py]/[line: 22]/[get_phone] phone:15783542808 
[2022-08-31 15:59:56] [INFO] [ContactInfo.py]/[line: 16]/[get_name] name:÷Ï¿⁄ 
[2022-08-31 15:59:57] [INFO] [ContactInfo.py]/[line: 22]/[get_phone] phone:18564164524 
[2022-08-31 16:25:45] [INFO] [ContactInfo.py]/[line: 16]/[get_name] name:ÀŒ¿Ú 
[2022-08-31 16:25:46] [INFO] [ContactInfo.py]/[line: 22]/[get_phone] phone:18797075060 
